CONFIG
├── datamodule
│   └── _target_: src.datamodules.cifar_datamodule.CIFARDataModule                                                                                                          
│       data_dir: /home/ubuntu/assignment06/lightning-hydra-template/data/                                                                                                  
│       batch_size: 256                                                                                                                                                     
│       train_val_test_split:                                                                                                                                               
│       - 45000                                                                                                                                                             
│       - 5000                                                                                                                                                              
│       - 10000                                                                                                                                                             
│       num_workers: 0                                                                                                                                                      
│       pin_memory: false                                                                                                                                                   
│                                                                                                                                                                           
├── model
│   └── _target_: src.models.cifar_module.CIFARLitModule                                                                                                                    
│       optimizer:                                                                                                                                                          
│         _target_: torch.optim.Adam                                                                                                                                        
│         _partial_: true                                                                                                                                                   
│         lr: 0.001                                                                                                                                                         
│         weight_decay: 0.0                                                                                                                                                 
│       net:                                                                                                                                                                
│         _target_: src.models.components.simple_dense_net.SimpleDenseNet                                                                                                   
│         input_size: 3072                                                                                                                                                  
│         lin1_size: 128                                                                                                                                                    
│         lin2_size: 128                                                                                                                                                    
│         lin3_size: 64                                                                                                                                                     
│         output_size: 10                                                                                                                                                   
│       timm_net:                                                                                                                                                           
│         _target_: timm.create_model                                                                                                                                       
│         model_name: vit_base_patch32_224                                                                                                                                  
│         pretrained: true                                                                                                                                                  
│         num_classes: 10                                                                                                                                                   
│                                                                                                                                                                           
├── callbacks
│   └── model_checkpoint:                                                                                                                                                   
│         _target_: pytorch_lightning.callbacks.ModelCheckpoint                                                                                                             
│         dirpath: logs/train/runs                                                                                                                                          
│         filename: epoch_{epoch:03d}                                                                                                                                       
│         monitor: val/acc                                                                                                                                                  
│         verbose: false                                                                                                                                                    
│         save_last: true                                                                                                                                                   
│         save_top_k: 1                                                                                                                                                     
│         mode: max                                                                                                                                                         
│         auto_insert_metric_name: false                                                                                                                                    
│         save_weights_only: false                                                                                                                                          
│         every_n_train_steps: null                                                                                                                                         
│         train_time_interval: null                                                                                                                                         
│         every_n_epochs: null                                                                                                                                              
│         save_on_train_epoch_end: null                                                                                                                                     
│       early_stopping:                                                                                                                                                     
│         _target_: pytorch_lightning.callbacks.EarlyStopping                                                                                                               
│         monitor: val/acc                                                                                                                                                  
│         min_delta: 0.0                                                                                                                                                    
│         patience: 100                                                                                                                                                     
│         verbose: false                                                                                                                                                    
│         mode: max                                                                                                                                                         
│         strict: true                                                                                                                                                      
│         check_finite: true                                                                                                                                                
│         stopping_threshold: null                                                                                                                                          
│         divergence_threshold: null                                                                                                                                        
│         check_on_train_epoch_end: null                                                                                                                                    
│       model_summary:                                                                                                                                                      
│         _target_: pytorch_lightning.callbacks.RichModelSummary                                                                                                            
│         max_depth: -1                                                                                                                                                     
│       rich_progress_bar:                                                                                                                                                  
│         _target_: pytorch_lightning.callbacks.RichProgressBar                                                                                                             
│                                                                                                                                                                           
├── logger
│   └── tensorboard:                                                                                                                                                        
│         _target_: pytorch_lightning.loggers.tensorboard.TensorBoardLogger                                                                                                 
│         save_dir: /home/ubuntu/assignment06/lightning-hydra-template/logs/train/runs/tensorboard/                                                                         
│         name: null                                                                                                                                                        
│         log_graph: false                                                                                                                                                  
│         default_hp_metric: true                                                                                                                                           
│         prefix: ''                                                                                                                                                        
│                                                                                                                                                                           
├── trainer
│   └── _target_: pytorch_lightning.Trainer                                                                                                                                 
│       default_root_dir: ''                                                                                                                                                
│       min_epochs: 1                                                                                                                                                       
│       max_epochs: 25                                                                                                                                                      
│       accelerator: gpu                                                                                                                                                    
│       devices: 1                                                                                                                                                          
│       deterministic: false                                                                                                                                                
│       strategy: ddp_spawn                                                                                                                                                 
│       num_nodes: 2                                                                                                                                                        
│       sync_batchnorm: true                                                                                                                                                
│                                                                                                                                                                           
├── paths
│   └── root_dir: /home/ubuntu/assignment06/lightning-hydra-template                                                                                                        
│       data_dir: /home/ubuntu/assignment06/lightning-hydra-template/data/                                                                                                  
│       log_dir: /home/ubuntu/assignment06/lightning-hydra-template/logs/                                                                                                   
│       output_dir: /home/ubuntu/assignment06/lightning-hydra-template/logs/train/runs/2022-10-29_10-06-30                                                                  
│       work_dir: /home/ubuntu/assignment06/lightning-hydra-template                                                                                                        
│                                                                                                                                                                           
├── extras
│   └── ignore_warnings: false                                                                                                                                              
│       enforce_tags: true                                                                                                                                                  
│       print_config: true                                                                                                                                                  
│                                                                                                                                                                           
├── task_name
│   └── train                                                                                                                                                               
├── tags
│   └── ['dev']                                                                                                                                                             
├── train
│   └── True                                                                                                                                                                
├── test
│   └── True                                                                                                                                                                
├── ckpt_path
│   └── None                                                                                                                                                                
└── seed
    └── None                                                                                                                                                                
